<?xml version="1.0" encoding="UTF-8"?><html xmlns:c="http://www.concordion.org/2007/concordion"><head><script type="text/javascript">/* Stack Trace Toggling */

function getElementById(id) {
  var element;

  if (document.getElementById) { // standard
    return document.getElementById(id);
  } else if (document.all) { // old IE versions
    return document.all[id];
  } else if (document.layers) { // nn4
    return document.layers[id];
  }
  alert("Sorry, but your web browser is not supported by Concordion.");
}

function isVisible(element) {
  return element.style.display;
}

function makeVisible(element) {
  element.style.display = "block";
}

function makeInvisible(element) {
  element.style.display = "";
}

function toggleStackTrace(stackTraceNumber) {
  var stackTrace = getElementById("stackTrace" + stackTraceNumber);
  var stackTraceButton = getElementById("stackTraceButton" + stackTraceNumber);
  if (isVisible(stackTrace)) {
    makeInvisible(stackTrace);
    stackTraceButton.value = "View Stack";
  } else {
    makeVisible(stackTrace);
    stackTraceButton.value = "Hide Stack";
  }
}
</script><style>* {
  font-family: Arial;
}
body {
  padding: 32px;  
}
pre {
  padding: 6px 28px 6px 28px;
  background-color: #E8EEF7;
}
pre, pre *, code, code *, kbd {
  font-family: Courier New, Courier;
  font-size: 10pt;
}
h1, h1 * {
  font-size: 24pt;	
}
p, td, th, li, .breadcrumbs {
  font-size: 10pt;
}
p, li {
  line-height: 140%;
  max-width: 720px;
}
table {
  border-collapse: collapse;
  empty-cells: show;
  margin: 8px 0px 8px 0px;
}
th, td {
  border: 1px solid black;
  padding: 3px;
}
td {
  background-color: white;
  vertical-align: top;
}
th {
  background-color: #C3D9FF;
}
li {
  margin-top: 6px;
  margin-bottom: 6px; 
}

.example {
  padding: 6px 16px 6px 16px;
  border: 1px solid #C3D9FF;
  margin: 6px 0px 28px 0px;
  background-color: #F5F9FD;
}
.example h3 {
  margin-top: 8px;
  margin-bottom: 8px;
  font-size: 12pt;
}

p.success {
  padding: 2px;
}
.success, .success * {
  background-color: #afa !important;
}
.success pre {
  background-color: #bbffbb;
}
.failure, .failure * {
  background-color: #ffb0b0;
  padding: 1px;
}
.failure .expected {
  text-decoration: line-through;
  color: #bb5050;
}
.ignored, .ignored * {
  background-color: #f0f0f0 !important;	
}

ins {
  text-decoration: none;	
}

.exceptionMessage {
  background-color: #fdd;
  font-family: Courier New, Courier, Monospace;
  font-size: 10pt;
  display: block;
  font-weight: normal;
  padding: 4px;
  text-decoration: none !important;
}
.stackTrace, .stackTrace * {
  font-weight: normal;
}
.stackTrace {
  display: none;
  padding: 1px 4px 4px 4px;
  background-color: #fdd;
  border-top: 1px dotted black;
}
.stackTraceExceptionMessage {
  display: block;
  font-family: Courier New, Courier, Monospace;
  font-size: 8pt;
  white-space: wrap;
  padding: 1px 0px 1px 0px;
}
.stackTraceEntry {
  white-space: nowrap;
  font-family: Courier New, Courier, Monospace;
  display: block;
  font-size: 8pt;
  padding: 1px 0px 1px 32px;
}
.stackTraceButton {
  font-size: 8pt;
  margin: 2px 8px 2px 0px;
  font-weight: normal;
  font-family: Arial;
}

.special {
  font-style: italic;
}
.missing, .missing * {
  background-color: #ff9999;
  color:#bb5050;
  text-decoration: line-through;
}
.surplus, .surplus * {
  background-color: #ff9999;
}
.footer {
  text-align: right;
  margin-top: 40px;
  font-size: 8pt;
  width: 100%;
  color: #999;
}
.footer .testTime {
  padding: 2px 10px 0px 0px;
}

.idea {
  font-size: 9pt;
  color: #888;
  font-style: italic;	
}
.tight li {
  margin-top: 1px;
  margin-bottom: 1px; 
}
.commentary {
  float: right;
  width: 200px;
  background-color: #ffffd0;
  padding:8px;
  border: 3px solid #eeeeb0;	 
  margin: 10px 0px 10px 10px;	 
}
.commentary, .commentary * {
  font-size: 8pt;
}
</style><meta http-equiv="content-type" content="text/html; charset=UTF-8" />
<link href="../../concordion.css" rel="stylesheet" type="text/css" />
</head><body>

<h1>Exception Translator Demo</h1> 

<p>Normally WebDriver adds debug info to the end of the exception message. The fixture for this demo adds an extension that removes this extra information.  
Note that the stack trace still contains the debug information (which should be included if reporting a bug on the WebDriver mailing list).</p> 

<div class="example">
<h4>Example</h4>
<p c:execute="clickOnNonExistentLink()"><span class="failure"><del class="expected">Look for a non-existent element</del></span><span class="exceptionMessage">org.openqa.selenium.NoSuchElementException: Unable to locate element: {"method":"class name","selector":"nonExistent"}
Command duration or timeout: 128 milliseconds
For documentation on this error, please visit: http://seleniumhq.org/exceptions/no_such_element.html
</span><input class="stackTraceButton" id="stackTraceButton1" type="button" onclick="javascript:toggleStackTrace('1')" value="View Stack" /><div class="stackTrace" id="stackTrace1"><p>While evaluating expression: <code>clickOnNonExistentLink()</code></p><div class="stackTraceExceptionMessage">org.concordion.internal.InvalidExpressionException: org.openqa.selenium.NoSuchElementException: Unable to locate element: {"method":"class name","selector":"nonExistent"}
Command duration or timeout: 128 milliseconds
For documentation on this error, please visit: http://seleniumhq.org/exceptions/no_such_element.html
Build info: version: '2.43.1', revision: '5163bceef1bc36d43f3dc0b83c88998168a363a0', time: '2014-09-10 09:43:55'
System info: host: 'toot1', ip: '127.0.1.1', os.name: 'Linux', os.arch: 'amd64', os.version: '3.13.0-36-generic', java.version: '1.8.0_20'
Driver info: org.openqa.selenium.firefox.FirefoxDriver
Capabilities [{applicationCacheEnabled=true, rotatable=false, handlesAlerts=true, databaseEnabled=true, version=32.0.3, platform=LINUX, nativeEvents=false, acceptSslCerts=true, webStorageEnabled=true, locationContextEnabled=true, browserName=firefox, takesScreenshot=true, javascriptEnabled=true, cssSelectorsEnabled=true}]
Session ID: fc04987c-764c-4cc9-8c51-fcef65957a60</div><div class="stackTraceEntry">at sun.reflect.NativeConstructorAccessorImpl.newInstance0 (NativeConstructorAccessorImpl.java:-2)</div><div class="stackTraceEntry">at sun.reflect.NativeConstructorAccessorImpl.newInstance (NativeConstructorAccessorImpl.java:62)</div><div class="stackTraceEntry">at sun.reflect.DelegatingConstructorAccessorImpl.newInstance (DelegatingConstructorAccessorImpl.java:45)</div><div class="stackTraceEntry">at java.lang.reflect.Constructor.newInstance (Constructor.java:408)</div><div class="stackTraceEntry">at org.openqa.selenium.remote.ErrorHandler.createThrowable (ErrorHandler.java:204)</div><div class="stackTraceEntry">at org.openqa.selenium.remote.ErrorHandler.throwIfResponseFailed (ErrorHandler.java:156)</div><div class="stackTraceEntry">at org.openqa.selenium.remote.RemoteWebDriver.execute (RemoteWebDriver.java:599)</div><div class="stackTraceEntry">at org.openqa.selenium.remote.RemoteWebDriver.findElement (RemoteWebDriver.java:352)</div><div class="stackTraceEntry">at org.openqa.selenium.remote.RemoteWebDriver.findElementByClassName (RemoteWebDriver.java:433)</div><div class="stackTraceEntry">at org.openqa.selenium.By$ByClassName.findElement (By.java:387)</div><div class="stackTraceEntry">at org.openqa.selenium.remote.RemoteWebDriver.findElement (RemoteWebDriver.java:344)</div><div class="stackTraceEntry">at org.openqa.selenium.support.pagefactory.DefaultElementLocator.findElement (DefaultElementLocator.java:59)</div><div class="stackTraceEntry">at org.openqa.selenium.support.pagefactory.internal.LocatingElementHandler.invoke (LocatingElementHandler.java:37)</div><div class="stackTraceEntry">at com.sun.proxy.$Proxy13.click (Unknown Source)</div><div class="stackTraceEntry">at org.concordion.ext.demo.selenium.web.GoogleSearchPage.clickOnNonExistentLink (GoogleSearchPage.java:49)</div><div class="stackTraceEntry">at org.concordion.ext.demo.selenium.ExceptionTranslatorDemo.clickOnNonExistentLink (ExceptionTranslatorDemo.java:31)</div><div class="stackTraceEntry">at sun.reflect.NativeMethodAccessorImpl.invoke0 (NativeMethodAccessorImpl.java:-2)</div><div class="stackTraceEntry">at sun.reflect.NativeMethodAccessorImpl.invoke (NativeMethodAccessorImpl.java:62)</div><div class="stackTraceEntry">at sun.reflect.DelegatingMethodAccessorImpl.invoke (DelegatingMethodAccessorImpl.java:43)</div><div class="stackTraceEntry">at java.lang.reflect.Method.invoke (Method.java:483)</div><div class="stackTraceEntry">at ognl.OgnlRuntime.invokeMethod (OgnlRuntime.java:532)</div><div class="stackTraceEntry">at ognl.OgnlRuntime.callAppropriateMethod (OgnlRuntime.java:826)</div><div class="stackTraceEntry">at ognl.ObjectMethodAccessor.callMethod (ObjectMethodAccessor.java:61)</div><div class="stackTraceEntry">at ognl.OgnlRuntime.callMethod (OgnlRuntime.java:860)</div><div class="stackTraceEntry">at ognl.ASTMethod.getValueBody (ASTMethod.java:73)</div><div class="stackTraceEntry">at ognl.SimpleNode.evaluateGetValueBody (SimpleNode.java:170)</div><div class="stackTraceEntry">at ognl.SimpleNode.getValue (SimpleNode.java:210)</div><div class="stackTraceEntry">at ognl.Ognl.getValue (Ognl.java:333)</div><div class="stackTraceEntry">at ognl.Ognl.getValue (Ognl.java:378)</div><div class="stackTraceEntry">at ognl.Ognl.getValue (Ognl.java:357)</div><div class="stackTraceEntry">at org.concordion.internal.OgnlEvaluator.evaluate (OgnlEvaluator.java:32)</div><div class="stackTraceEntry">at org.concordion.internal.SimpleEvaluator.evaluate (SimpleEvaluator.java:15)</div><div class="stackTraceEntry">at org.concordion.internal.command.ExecuteCommand$DefaultStrategy.execute (ExecuteCommand.java:48)</div><div class="stackTraceEntry">at org.concordion.internal.command.ExecuteCommand.execute (ExecuteCommand.java:35)</div><div class="stackTraceEntry">at org.concordion.api.AbstractCommandDecorator$2.run (AbstractCommandDecorator.java:23)</div><div class="stackTraceEntry">at org.concordion.internal.command.LocalTextDecorator.process (LocalTextDecorator.java:26)</div><div class="stackTraceEntry">at org.concordion.api.AbstractCommandDecorator.execute (AbstractCommandDecorator.java:21)</div><div class="stackTraceEntry">at org.concordion.api.AbstractCommandDecorator$2.run (AbstractCommandDecorator.java:23)</div><div class="stackTraceEntry">at org.concordion.internal.command.ThrowableCatchingDecorator.process (ThrowableCatchingDecorator.java:42)</div><div class="stackTraceEntry">at org.concordion.api.AbstractCommandDecorator.execute (AbstractCommandDecorator.java:21)</div><div class="stackTraceEntry">at org.concordion.api.CommandCall.execute (CommandCall.java:29)</div><div class="stackTraceEntry">at org.concordion.api.CommandCallList.processSequentially (CommandCallList.java:30)</div><div class="stackTraceEntry">at org.concordion.internal.command.SpecificationCommand.execute (SpecificationCommand.java:25)</div><div class="stackTraceEntry">at org.concordion.api.CommandCall.execute (CommandCall.java:29)</div><div class="stackTraceEntry">at org.concordion.internal.XMLSpecification.process (XMLSpecification.java:17)</div><div class="stackTraceEntry">at org.concordion.Concordion.process (Concordion.java:32)</div><div class="stackTraceEntry">at org.concordion.Concordion.process (Concordion.java:26)</div><div class="stackTraceEntry">at org.concordion.internal.FixtureRunner.run (FixtureRunner.java:13)</div><div class="stackTraceEntry">at org.concordion.integration.junit4.ConcordionRunner$1.evaluate (ConcordionRunner.java:113)</div><div class="stackTraceEntry">at org.junit.internal.runners.statements.RunAfters.evaluate (RunAfters.java:27)</div><div class="stackTraceEntry">at org.junit.runners.ParentRunner.runLeaf (ParentRunner.java:271)</div><div class="stackTraceEntry">at org.junit.runners.BlockJUnit4ClassRunner.runChild (BlockJUnit4ClassRunner.java:70)</div><div class="stackTraceEntry">at org.concordion.integration.junit4.ConcordionRunner.runChild (ConcordionRunner.java:104)</div><div class="stackTraceEntry">at org.concordion.integration.junit4.ConcordionRunner.runChild (ConcordionRunner.java:18)</div><div class="stackTraceEntry">at org.junit.runners.ParentRunner$3.run (ParentRunner.java:238)</div><div class="stackTraceEntry">at org.junit.runners.ParentRunner$1.schedule (ParentRunner.java:63)</div><div class="stackTraceEntry">at org.junit.runners.ParentRunner.runChildren (ParentRunner.java:236)</div><div class="stackTraceEntry">at org.junit.runners.ParentRunner.access$000 (ParentRunner.java:53)</div><div class="stackTraceEntry">at org.junit.runners.ParentRunner$2.evaluate (ParentRunner.java:229)</div><div class="stackTraceEntry">at org.junit.runners.ParentRunner.run (ParentRunner.java:309)</div><div class="stackTraceEntry">at org.gradle.api.internal.tasks.testing.junit.JUnitTestClassExecuter.runTestClass (JUnitTestClassExecuter.java:86)</div><div class="stackTraceEntry">at org.gradle.api.internal.tasks.testing.junit.JUnitTestClassExecuter.execute (JUnitTestClassExecuter.java:49)</div><div class="stackTraceEntry">at org.gradle.api.internal.tasks.testing.junit.JUnitTestClassProcessor.processTestClass (JUnitTestClassProcessor.java:69)</div><div class="stackTraceEntry">at org.gradle.api.internal.tasks.testing.SuiteTestClassProcessor.processTestClass (SuiteTestClassProcessor.java:48)</div><div class="stackTraceEntry">at sun.reflect.NativeMethodAccessorImpl.invoke0 (NativeMethodAccessorImpl.java:-2)</div><div class="stackTraceEntry">at sun.reflect.NativeMethodAccessorImpl.invoke (NativeMethodAccessorImpl.java:62)</div><div class="stackTraceEntry">at sun.reflect.DelegatingMethodAccessorImpl.invoke (DelegatingMethodAccessorImpl.java:43)</div><div class="stackTraceEntry">at java.lang.reflect.Method.invoke (Method.java:483)</div><div class="stackTraceEntry">at org.gradle.messaging.dispatch.ReflectionDispatch.dispatch (ReflectionDispatch.java:35)</div><div class="stackTraceEntry">at org.gradle.messaging.dispatch.ReflectionDispatch.dispatch (ReflectionDispatch.java:24)</div><div class="stackTraceEntry">at org.gradle.messaging.dispatch.ContextClassLoaderDispatch.dispatch (ContextClassLoaderDispatch.java:32)</div><div class="stackTraceEntry">at org.gradle.messaging.dispatch.ProxyDispatchAdapter$DispatchingInvocationHandler.invoke (ProxyDispatchAdapter.java:93)</div><div class="stackTraceEntry">at com.sun.proxy.$Proxy2.processTestClass (Unknown Source)</div><div class="stackTraceEntry">at org.gradle.api.internal.tasks.testing.worker.TestWorker.processTestClass (TestWorker.java:105)</div><div class="stackTraceEntry">at sun.reflect.NativeMethodAccessorImpl.invoke0 (NativeMethodAccessorImpl.java:-2)</div><div class="stackTraceEntry">at sun.reflect.NativeMethodAccessorImpl.invoke (NativeMethodAccessorImpl.java:62)</div><div class="stackTraceEntry">at sun.reflect.DelegatingMethodAccessorImpl.invoke (DelegatingMethodAccessorImpl.java:43)</div><div class="stackTraceEntry">at java.lang.reflect.Method.invoke (Method.java:483)</div><div class="stackTraceEntry">at org.gradle.messaging.dispatch.ReflectionDispatch.dispatch (ReflectionDispatch.java:35)</div><div class="stackTraceEntry">at org.gradle.messaging.dispatch.ReflectionDispatch.dispatch (ReflectionDispatch.java:24)</div><div class="stackTraceEntry">at org.gradle.messaging.remote.internal.hub.MessageHub$Handler.run (MessageHub.java:355)</div><div class="stackTraceEntry">at org.gradle.internal.concurrent.DefaultExecutorFactory$StoppableExecutorImpl$1.run (DefaultExecutorFactory.java:64)</div><div class="stackTraceEntry">at java.util.concurrent.ThreadPoolExecutor.runWorker (ThreadPoolExecutor.java:1142)</div><div class="stackTraceEntry">at java.util.concurrent.ThreadPoolExecutor$Worker.run (ThreadPoolExecutor.java:617)</div><div class="stackTraceEntry">at java.lang.Thread.run (Thread.java:745)</div><div class="stackTraceExceptionMessage">org.openqa.selenium.NoSuchElementException: Unable to locate element: {"method":"class name","selector":"nonExistent"}
Command duration or timeout: 128 milliseconds
For documentation on this error, please visit: http://seleniumhq.org/exceptions/no_such_element.html
Build info: version: '2.43.1', revision: '5163bceef1bc36d43f3dc0b83c88998168a363a0', time: '2014-09-10 09:43:55'
System info: host: 'toot1', ip: '127.0.1.1', os.name: 'Linux', os.arch: 'amd64', os.version: '3.13.0-36-generic', java.version: '1.8.0_20'
Driver info: org.openqa.selenium.firefox.FirefoxDriver
Capabilities [{applicationCacheEnabled=true, rotatable=false, handlesAlerts=true, databaseEnabled=true, version=32.0.3, platform=LINUX, nativeEvents=false, acceptSslCerts=true, webStorageEnabled=true, locationContextEnabled=true, browserName=firefox, takesScreenshot=true, javascriptEnabled=true, cssSelectorsEnabled=true}]
Session ID: fc04987c-764c-4cc9-8c51-fcef65957a60</div><div class="stackTraceEntry">at sun.reflect.NativeConstructorAccessorImpl.newInstance0 (NativeConstructorAccessorImpl.java:-2)</div><div class="stackTraceEntry">at sun.reflect.NativeConstructorAccessorImpl.newInstance (NativeConstructorAccessorImpl.java:62)</div><div class="stackTraceEntry">at sun.reflect.DelegatingConstructorAccessorImpl.newInstance (DelegatingConstructorAccessorImpl.java:45)</div><div class="stackTraceEntry">at java.lang.reflect.Constructor.newInstance (Constructor.java:408)</div><div class="stackTraceEntry">at org.openqa.selenium.remote.ErrorHandler.createThrowable (ErrorHandler.java:204)</div><div class="stackTraceEntry">at org.openqa.selenium.remote.ErrorHandler.throwIfResponseFailed (ErrorHandler.java:156)</div><div class="stackTraceEntry">at org.openqa.selenium.remote.RemoteWebDriver.execute (RemoteWebDriver.java:599)</div><div class="stackTraceEntry">at org.openqa.selenium.remote.RemoteWebDriver.findElement (RemoteWebDriver.java:352)</div><div class="stackTraceEntry">at org.openqa.selenium.remote.RemoteWebDriver.findElementByClassName (RemoteWebDriver.java:433)</div><div class="stackTraceEntry">at org.openqa.selenium.By$ByClassName.findElement (By.java:387)</div><div class="stackTraceEntry">at org.openqa.selenium.remote.RemoteWebDriver.findElement (RemoteWebDriver.java:344)</div><div class="stackTraceEntry">at org.openqa.selenium.support.pagefactory.DefaultElementLocator.findElement (DefaultElementLocator.java:59)</div><div class="stackTraceEntry">at org.openqa.selenium.support.pagefactory.internal.LocatingElementHandler.invoke (LocatingElementHandler.java:37)</div><div class="stackTraceEntry">at com.sun.proxy.$Proxy13.click (Unknown Source)</div><div class="stackTraceEntry">at org.concordion.ext.demo.selenium.web.GoogleSearchPage.clickOnNonExistentLink (GoogleSearchPage.java:49)</div><div class="stackTraceEntry">at org.concordion.ext.demo.selenium.ExceptionTranslatorDemo.clickOnNonExistentLink (ExceptionTranslatorDemo.java:31)</div><div class="stackTraceEntry">at sun.reflect.NativeMethodAccessorImpl.invoke0 (NativeMethodAccessorImpl.java:-2)</div><div class="stackTraceEntry">at sun.reflect.NativeMethodAccessorImpl.invoke (NativeMethodAccessorImpl.java:62)</div><div class="stackTraceEntry">at sun.reflect.DelegatingMethodAccessorImpl.invoke (DelegatingMethodAccessorImpl.java:43)</div><div class="stackTraceEntry">at java.lang.reflect.Method.invoke (Method.java:483)</div><div class="stackTraceEntry">at ognl.OgnlRuntime.invokeMethod (OgnlRuntime.java:532)</div><div class="stackTraceEntry">at ognl.OgnlRuntime.callAppropriateMethod (OgnlRuntime.java:826)</div><div class="stackTraceEntry">at ognl.ObjectMethodAccessor.callMethod (ObjectMethodAccessor.java:61)</div><div class="stackTraceEntry">at ognl.OgnlRuntime.callMethod (OgnlRuntime.java:860)</div><div class="stackTraceEntry">at ognl.ASTMethod.getValueBody (ASTMethod.java:73)</div><div class="stackTraceEntry">at ognl.SimpleNode.evaluateGetValueBody (SimpleNode.java:170)</div><div class="stackTraceEntry">at ognl.SimpleNode.getValue (SimpleNode.java:210)</div><div class="stackTraceEntry">at ognl.Ognl.getValue (Ognl.java:333)</div><div class="stackTraceEntry">at ognl.Ognl.getValue (Ognl.java:378)</div><div class="stackTraceEntry">at ognl.Ognl.getValue (Ognl.java:357)</div><div class="stackTraceEntry">at org.concordion.internal.OgnlEvaluator.evaluate (OgnlEvaluator.java:32)</div><div class="stackTraceEntry">at org.concordion.internal.SimpleEvaluator.evaluate (SimpleEvaluator.java:15)</div><div class="stackTraceEntry">at org.concordion.internal.command.ExecuteCommand$DefaultStrategy.execute (ExecuteCommand.java:48)</div><div class="stackTraceEntry">at org.concordion.internal.command.ExecuteCommand.execute (ExecuteCommand.java:35)</div><div class="stackTraceEntry">at org.concordion.api.AbstractCommandDecorator$2.run (AbstractCommandDecorator.java:23)</div><div class="stackTraceEntry">at org.concordion.internal.command.LocalTextDecorator.process (LocalTextDecorator.java:26)</div><div class="stackTraceEntry">at org.concordion.api.AbstractCommandDecorator.execute (AbstractCommandDecorator.java:21)</div><div class="stackTraceEntry">at org.concordion.api.AbstractCommandDecorator$2.run (AbstractCommandDecorator.java:23)</div><div class="stackTraceEntry">at org.concordion.internal.command.ThrowableCatchingDecorator.process (ThrowableCatchingDecorator.java:42)</div><div class="stackTraceEntry">at org.concordion.api.AbstractCommandDecorator.execute (AbstractCommandDecorator.java:21)</div><div class="stackTraceEntry">at org.concordion.api.CommandCall.execute (CommandCall.java:29)</div><div class="stackTraceEntry">at org.concordion.api.CommandCallList.processSequentially (CommandCallList.java:30)</div><div class="stackTraceEntry">at org.concordion.internal.command.SpecificationCommand.execute (SpecificationCommand.java:25)</div><div class="stackTraceEntry">at org.concordion.api.CommandCall.execute (CommandCall.java:29)</div><div class="stackTraceEntry">at org.concordion.internal.XMLSpecification.process (XMLSpecification.java:17)</div><div class="stackTraceEntry">at org.concordion.Concordion.process (Concordion.java:32)</div><div class="stackTraceEntry">at org.concordion.Concordion.process (Concordion.java:26)</div><div class="stackTraceEntry">at org.concordion.internal.FixtureRunner.run (FixtureRunner.java:13)</div><div class="stackTraceEntry">at org.concordion.integration.junit4.ConcordionRunner$1.evaluate (ConcordionRunner.java:113)</div><div class="stackTraceEntry">at org.junit.internal.runners.statements.RunAfters.evaluate (RunAfters.java:27)</div><div class="stackTraceEntry">at org.junit.runners.ParentRunner.runLeaf (ParentRunner.java:271)</div><div class="stackTraceEntry">at org.junit.runners.BlockJUnit4ClassRunner.runChild (BlockJUnit4ClassRunner.java:70)</div><div class="stackTraceEntry">at org.concordion.integration.junit4.ConcordionRunner.runChild (ConcordionRunner.java:104)</div><div class="stackTraceEntry">at org.concordion.integration.junit4.ConcordionRunner.runChild (ConcordionRunner.java:18)</div><div class="stackTraceEntry">at org.junit.runners.ParentRunner$3.run (ParentRunner.java:238)</div><div class="stackTraceEntry">at org.junit.runners.ParentRunner$1.schedule (ParentRunner.java:63)</div><div class="stackTraceEntry">at org.junit.runners.ParentRunner.runChildren (ParentRunner.java:236)</div><div class="stackTraceEntry">at org.junit.runners.ParentRunner.access$000 (ParentRunner.java:53)</div><div class="stackTraceEntry">at org.junit.runners.ParentRunner$2.evaluate (ParentRunner.java:229)</div><div class="stackTraceEntry">at org.junit.runners.ParentRunner.run (ParentRunner.java:309)</div><div class="stackTraceEntry">at org.gradle.api.internal.tasks.testing.junit.JUnitTestClassExecuter.runTestClass (JUnitTestClassExecuter.java:86)</div><div class="stackTraceEntry">at org.gradle.api.internal.tasks.testing.junit.JUnitTestClassExecuter.execute (JUnitTestClassExecuter.java:49)</div><div class="stackTraceEntry">at org.gradle.api.internal.tasks.testing.junit.JUnitTestClassProcessor.processTestClass (JUnitTestClassProcessor.java:69)</div><div class="stackTraceEntry">at org.gradle.api.internal.tasks.testing.SuiteTestClassProcessor.processTestClass (SuiteTestClassProcessor.java:48)</div><div class="stackTraceEntry">at sun.reflect.NativeMethodAccessorImpl.invoke0 (NativeMethodAccessorImpl.java:-2)</div><div class="stackTraceEntry">at sun.reflect.NativeMethodAccessorImpl.invoke (NativeMethodAccessorImpl.java:62)</div><div class="stackTraceEntry">at sun.reflect.DelegatingMethodAccessorImpl.invoke (DelegatingMethodAccessorImpl.java:43)</div><div class="stackTraceEntry">at java.lang.reflect.Method.invoke (Method.java:483)</div><div class="stackTraceEntry">at org.gradle.messaging.dispatch.ReflectionDispatch.dispatch (ReflectionDispatch.java:35)</div><div class="stackTraceEntry">at org.gradle.messaging.dispatch.ReflectionDispatch.dispatch (ReflectionDispatch.java:24)</div><div class="stackTraceEntry">at org.gradle.messaging.dispatch.ContextClassLoaderDispatch.dispatch (ContextClassLoaderDispatch.java:32)</div><div class="stackTraceEntry">at org.gradle.messaging.dispatch.ProxyDispatchAdapter$DispatchingInvocationHandler.invoke (ProxyDispatchAdapter.java:93)</div><div class="stackTraceEntry">at com.sun.proxy.$Proxy2.processTestClass (Unknown Source)</div><div class="stackTraceEntry">at org.gradle.api.internal.tasks.testing.worker.TestWorker.processTestClass (TestWorker.java:105)</div><div class="stackTraceEntry">at sun.reflect.NativeMethodAccessorImpl.invoke0 (NativeMethodAccessorImpl.java:-2)</div><div class="stackTraceEntry">at sun.reflect.NativeMethodAccessorImpl.invoke (NativeMethodAccessorImpl.java:62)</div><div class="stackTraceEntry">at sun.reflect.DelegatingMethodAccessorImpl.invoke (DelegatingMethodAccessorImpl.java:43)</div><div class="stackTraceEntry">at java.lang.reflect.Method.invoke (Method.java:483)</div><div class="stackTraceEntry">at org.gradle.messaging.dispatch.ReflectionDispatch.dispatch (ReflectionDispatch.java:35)</div><div class="stackTraceEntry">at org.gradle.messaging.dispatch.ReflectionDispatch.dispatch (ReflectionDispatch.java:24)</div><div class="stackTraceEntry">at org.gradle.messaging.remote.internal.hub.MessageHub$Handler.run (MessageHub.java:355)</div><div class="stackTraceEntry">at org.gradle.internal.concurrent.DefaultExecutorFactory$StoppableExecutorImpl$1.run (DefaultExecutorFactory.java:64)</div><div class="stackTraceEntry">at java.util.concurrent.ThreadPoolExecutor.runWorker (ThreadPoolExecutor.java:1142)</div><div class="stackTraceEntry">at java.util.concurrent.ThreadPoolExecutor$Worker.run (ThreadPoolExecutor.java:617)</div><div class="stackTraceEntry">at java.lang.Thread.run (Thread.java:745)</div><div class="stackTraceExceptionMessage">org.openqa.selenium.NoSuchElementException: Unable to locate element: {"method":"class name","selector":"nonExistent"}
For documentation on this error, please visit: http://seleniumhq.org/exceptions/no_such_element.html
Build info: version: '2.43.1', revision: '5163bceef1bc36d43f3dc0b83c88998168a363a0', time: '2014-09-10 09:43:55'
System info: host: 'toot1', ip: '127.0.1.1', os.name: 'Linux', os.arch: 'amd64', os.version: '3.13.0-36-generic', java.version: '1.8.0_20'
Driver info: driver.version: unknown</div><div class="stackTraceEntry">at &lt;anonymous class&gt;.FirefoxDriver.prototype.findElementInternal_ (file:///tmp/anonymous5894225712138782021webdriver-profile/extensions/fxdriver@googlecode.com/components/driver-component.js:9618:133)</div><div class="stackTraceEntry">at &lt;anonymous class&gt;.FirefoxDriver.prototype.findElement (file:///tmp/anonymous5894225712138782021webdriver-profile/extensions/fxdriver@googlecode.com/components/driver-component.js:9627:3)</div><div class="stackTraceEntry">at &lt;anonymous class&gt;.DelayedCommand.prototype.executeInternal_/h (file:///tmp/anonymous5894225712138782021webdriver-profile/extensions/fxdriver@googlecode.com/components/command-processor.js:11612:16)</div><div class="stackTraceEntry">at &lt;anonymous class&gt;.DelayedCommand.prototype.executeInternal_ (file:///tmp/anonymous5894225712138782021webdriver-profile/extensions/fxdriver@googlecode.com/components/command-processor.js:11617:7)</div><div class="stackTraceEntry">at &lt;anonymous class&gt;.DelayedCommand.prototype.execute/&lt; (file:///tmp/anonymous5894225712138782021webdriver-profile/extensions/fxdriver@googlecode.com/components/command-processor.js:11559:5)</div></div></p>
</div>

<div class="footer">Results generated by <a href="http://www.concordion.org" style="font-weight: bold; text-decoration: none; color: #89C;">Concordion</a><div class="testTime">in 252 ms on 18-Oct-2014 at 08:09:45 NZDT</div></div></body>
</html>